Determining if the pthread_create exist failed with the following output:
Change Dir: /home/mcsim/catkin_Simulink/build/CMakeFiles/CMakeTmp

Run Build Command:"/usr/bin/make" "cmTC_13291/fast"
/usr/bin/make -f CMakeFiles/cmTC_13291.dir/build.make CMakeFiles/cmTC_13291.dir/build
make[1]: Entering directory '/home/mcsim/catkin_Simulink/build/CMakeFiles/CMakeTmp'
Building C object CMakeFiles/cmTC_13291.dir/CheckSymbolExists.c.o
/usr/bin/cc     -o CMakeFiles/cmTC_13291.dir/CheckSymbolExists.c.o   -c /home/mcsim/catkin_Simulink/build/CMakeFiles/CMakeTmp/CheckSymbolExists.c
Linking C executable cmTC_13291
/usr/bin/cmake -E cmake_link_script CMakeFiles/cmTC_13291.dir/link.txt --verbose=1
/usr/bin/cc       CMakeFiles/cmTC_13291.dir/CheckSymbolExists.c.o  -o cmTC_13291 -rdynamic 
CMakeFiles/cmTC_13291.dir/CheckSymbolExists.c.o: In function `main':
CheckSymbolExists.c:(.text+0xe): undefined reference to `pthread_create'
CheckSymbolExists.c:(.text+0x12): undefined reference to `pthread_create'
collect2: error: ld returned 1 exit status
CMakeFiles/cmTC_13291.dir/build.make:97: recipe for target 'cmTC_13291' failed
make[1]: *** [cmTC_13291] Error 1
make[1]: Leaving directory '/home/mcsim/catkin_Simulink/build/CMakeFiles/CMakeTmp'
Makefile:126: recipe for target 'cmTC_13291/fast' failed
make: *** [cmTC_13291/fast] Error 2

File /home/mcsim/catkin_Simulink/build/CMakeFiles/CMakeTmp/CheckSymbolExists.c:
/* */
#include <pthread.h>

int main(int argc, char** argv)
{
  (void)argv;
#ifndef pthread_create
  return ((int*)(&pthread_create))[argc];
#else
  (void)argc;
  return 0;
#endif
}

Determining if the function pthread_create exists in the pthreads failed with the following output:
Change Dir: /home/mcsim/catkin_Simulink/build/CMakeFiles/CMakeTmp

Run Build Command:"/usr/bin/make" "cmTC_f06be/fast"
/usr/bin/make -f CMakeFiles/cmTC_f06be.dir/build.make CMakeFiles/cmTC_f06be.dir/build
make[1]: Entering directory '/home/mcsim/catkin_Simulink/build/CMakeFiles/CMakeTmp'
Building C object CMakeFiles/cmTC_f06be.dir/CheckFunctionExists.c.o
/usr/bin/cc    -DCHECK_FUNCTION_EXISTS=pthread_create   -o CMakeFiles/cmTC_f06be.dir/CheckFunctionExists.c.o   -c /usr/share/cmake-3.5/Modules/CheckFunctionExists.c
Linking C executable cmTC_f06be
/usr/bin/cmake -E cmake_link_script CMakeFiles/cmTC_f06be.dir/link.txt --verbose=1
/usr/bin/cc   -DCHECK_FUNCTION_EXISTS=pthread_create    CMakeFiles/cmTC_f06be.dir/CheckFunctionExists.c.o  -o cmTC_f06be -rdynamic -lpthreads 
/usr/bin/ld: cannot find -lpthreads
collect2: error: ld returned 1 exit status
CMakeFiles/cmTC_f06be.dir/build.make:97: recipe for target 'cmTC_f06be' failed
make[1]: *** [cmTC_f06be] Error 1
make[1]: Leaving directory '/home/mcsim/catkin_Simulink/build/CMakeFiles/CMakeTmp'
Makefile:126: recipe for target 'cmTC_f06be/fast' failed
make: *** [cmTC_f06be/fast] Error 2


